
> client@0.1.0 build /var/www/Recruiting2020/client
> react-scripts build

Failed to compile.

EACCES: permission denied, unlink '/var/www/Recruiting2020/client/build/asset-manifest.json'


npm ERR! code ELIFECYCLE
npm ERR! errno 1
npm ERR! client@0.1.0 build: `react-scripts build`
npm ERR! Exit status 1
npm ERR! 
npm ERR! Failed at the client@0.1.0 build script.
npm ERR! This is probably not a problem with npm. There is likely additional logging output above.

npm ERR! A complete log of this run can be found in:
npm ERR!     /home/ubuntu/.npm/_logs/2020-02-21T09_14_11_021Z-debug.log

> client@0.1.0 build /var/www/Recruiting2020/client
> react-scripts build

Failed to compile.

EACCES: permission denied, unlink '/var/www/Recruiting2020/client/build/asset-manifest.json'


npm ERR! code ELIFECYCLE
npm ERR! errno 1
npm ERR! client@0.1.0 build: `react-scripts build`
npm ERR! Exit status 1
npm ERR! 
npm ERR! Failed at the client@0.1.0 build script.
npm ERR! This is probably not a problem with npm. There is likely additional logging output above.

npm ERR! A complete log of this run can be found in:
npm ERR!     /home/ubuntu/.npm/_logs/2020-02-21T09_15_07_989Z-debug.log

> client@0.1.0 start /var/www/Recruiting2020/client
> react-scripts start

[34mâ„¹[39m [90mï½¢wdsï½£[39m: Project is running at http://172.31.39.20/
[34mâ„¹[39m [90mï½¢wdsï½£[39m: webpack output is served from /
[34mâ„¹[39m [90mï½¢wdsï½£[39m: Content not from webpack is served from /var/www/Recruiting2020/client/public
[34mâ„¹[39m [90mï½¢wdsï½£[39m: 404s will fallback to /index.html
Starting the development server...


â”Œâ”€â”€â”€â”€â”€â”€â”€â”€â”€â”€â”€â”€â”€â”€â”€â”€â”€â”€â”€â”€â”€â”€â”€â”€â”€â”€â”€â”€â”€â”€â”€â”€â”€â”€â”€â”€â”€â”€â”€â”€â”€â”€â”€â”€â”€â”€â”€â”€â”€â”€â”€â”€â”€â”€â”€â”€â”€â”€â”
â”‚                 npm update check failed                  â”‚
â”‚           Try running with sudo or get access            â”‚
â”‚           to the local update config store via           â”‚
â”‚ sudo chown -R $USER:$(id -gn $USER) /home/ubuntu/.config â”‚
â””â”€â”€â”€â”€â”€â”€â”€â”€â”€â”€â”€â”€â”€â”€â”€â”€â”€â”€â”€â”€â”€â”€â”€â”€â”€â”€â”€â”€â”€â”€â”€â”€â”€â”€â”€â”€â”€â”€â”€â”€â”€â”€â”€â”€â”€â”€â”€â”€â”€â”€â”€â”€â”€â”€â”€â”€â”€â”€â”˜

> client@0.1.0 start /var/www/Recruiting2020/client
> react-scripts start


â”Œâ”€â”€â”€â”€â”€â”€â”€â”€â”€â”€â”€â”€â”€â”€â”€â”€â”€â”€â”€â”€â”€â”€â”€â”€â”€â”€â”€â”€â”€â”€â”€â”€â”€â”€â”€â”€â”€â”€â”€â”€â”€â”€â”€â”€â”€â”€â”€â”€â”€â”€â”€â”€â”€â”€â”€â”€â”€â”€â”
â”‚                 npm update check failed                  â”‚
â”‚           Try running with sudo or get access            â”‚
â”‚           to the local update config store via           â”‚
â”‚ sudo chown -R $USER:$(id -gn $USER) /home/ubuntu/.config â”‚
â””â”€â”€â”€â”€â”€â”€â”€â”€â”€â”€â”€â”€â”€â”€â”€â”€â”€â”€â”€â”€â”€â”€â”€â”€â”€â”€â”€â”€â”€â”€â”€â”€â”€â”€â”€â”€â”€â”€â”€â”€â”€â”€â”€â”€â”€â”€â”€â”€â”€â”€â”€â”€â”€â”€â”€â”€â”€â”€â”˜

> client@0.1.0 start /var/www/Recruiting2020/client
> react-scripts start

[34mâ„¹[39m [90mï½¢wdsï½£[39m: Project is running at http://172.31.39.20/
[34mâ„¹[39m [90mï½¢wdsï½£[39m: webpack output is served from /
[34mâ„¹[39m [90mï½¢wdsï½£[39m: Content not from webpack is served from /var/www/Recruiting2020/client/public
[34mâ„¹[39m [90mï½¢wdsï½£[39m: 404s will fallback to /index.html
Starting the development server...

Compiled with warnings.

./src/component/menu/Nav.js
  Line 2:27:  'Router' is defined but never used  no-unused-vars
  Line 2:35:  'Route' is defined but never used   no-unused-vars

./src/component/result/Result.js
  Line 34:47:  Expected to return a value at the end of arrow function  array-callback-return

./src/component/menu/Header.js
  Line 3:27:  'Router' is defined but never used  no-unused-vars
  Line 3:35:  'Route' is defined but never used   no-unused-vars

./src/component/notice/Row.js
  Line 5:27:  'Router' is defined but never used  no-unused-vars
  Line 5:35:  'Route' is defined but never used   no-unused-vars

Search for the keywords to learn more about each warning.
To ignore, add // eslint-disable-next-line to the line before.


> client@0.1.0 start /var/www/Recruiting2020/client
> react-scripts start

[34mâ„¹[39m [90mï½¢wdsï½£[39m: Project is running at http://172.31.39.20/
[34mâ„¹[39m [90mï½¢wdsï½£[39m: webpack output is served from /
[34mâ„¹[39m [90mï½¢wdsï½£[39m: Content not from webpack is served from /var/www/Recruiting2020/client/public
[34mâ„¹[39m [90mï½¢wdsï½£[39m: 404s will fallback to /index.html
Starting the development server...

Compiled with warnings.

./src/component/menu/Nav.js
  Line 2:27:  'Router' is defined but never used  no-unused-vars
  Line 2:35:  'Route' is defined but never used   no-unused-vars

./src/component/result/Result.js
  Line 34:47:  Expected to return a value at the end of arrow function  array-callback-return
  Line 53:47:  Expected to return a value at the end of arrow function  array-callback-return

./src/component/menu/Header.js
  Line 3:27:  'Router' is defined but never used  no-unused-vars
  Line 3:35:  'Route' is defined but never used   no-unused-vars

./src/component/notice/Row.js
  Line 5:27:  'Router' is defined but never used  no-unused-vars
  Line 5:35:  'Route' is defined but never used   no-unused-vars

Search for the keywords to learn more about each warning.
To ignore, add // eslint-disable-next-line to the line before.


> client@0.1.0 start /var/www/Recruiting2020/client
> react-scripts start

[34mâ„¹[39m [90mï½¢wdsï½£[39m: Project is running at http://172.31.39.20/
[34mâ„¹[39m [90mï½¢wdsï½£[39m: webpack output is served from /
[34mâ„¹[39m [90mï½¢wdsï½£[39m: Content not from webpack is served from /var/www/Recruiting2020/client/public
[34mâ„¹[39m [90mï½¢wdsï½£[39m: 404s will fallback to /index.html
Starting the development server...

Compiled with warnings.

./src/component/menu/Nav.js
  Line 2:27:  'Router' is defined but never used  no-unused-vars
  Line 2:35:  'Route' is defined but never used   no-unused-vars

./src/component/result/Result.js
  Line 34:47:  Expected to return a value at the end of arrow function  array-callback-return
  Line 53:47:  Expected to return a value at the end of arrow function  array-callback-return

./src/component/menu/Header.js
  Line 3:27:  'Router' is defined but never used  no-unused-vars
  Line 3:35:  'Route' is defined but never used   no-unused-vars

./src/component/notice/Row.js
  Line 5:27:  'Router' is defined but never used  no-unused-vars
  Line 5:35:  'Route' is defined but never used   no-unused-vars

Search for the keywords to learn more about each warning.
To ignore, add // eslint-disable-next-line to the line before.


> client@0.1.0 start /var/www/Recruiting2020/client
> react-scripts start

[34mâ„¹[39m [90mï½¢wdsï½£[39m: Project is running at http://172.31.39.20/
[34mâ„¹[39m [90mï½¢wdsï½£[39m: webpack output is served from /
[34mâ„¹[39m [90mï½¢wdsï½£[39m: Content not from webpack is served from /var/www/Recruiting2020/client/public
[34mâ„¹[39m [90mï½¢wdsï½£[39m: 404s will fallback to /index.html
Starting the development server...

Compiled with warnings.

./src/component/menu/Nav.js
  Line 2:27:  'Router' is defined but never used  no-unused-vars
  Line 2:35:  'Route' is defined but never used   no-unused-vars

./src/component/result/Result.js
  Line 34:47:  Expected to return a value at the end of arrow function  array-callback-return
  Line 53:47:  Expected to return a value at the end of arrow function  array-callback-return

./src/component/menu/Header.js
  Line 3:27:  'Router' is defined but never used  no-unused-vars
  Line 3:35:  'Route' is defined but never used   no-unused-vars

./src/component/notice/Row.js
  Line 5:27:  'Router' is defined but never used  no-unused-vars
  Line 5:35:  'Route' is defined but never used   no-unused-vars

Search for the keywords to learn more about each warning.
To ignore, add // eslint-disable-next-line to the line before.

